<?xml version="1.0" encoding="UTF-8"?>
<testng-results ignored="0" total="1" passed="1" failed="0" skipped="0">
  <reporter-output>
  </reporter-output>
  <suite started-at="2023-06-14T14:06:55Z" name="Suite" finished-at="2023-06-14T14:07:34Z" duration-ms="38761">
    <groups>
      <group name="regression">
        <method signature="TNG_003.amazon()[pri:0, instance:testng.TNG_003@39ac0c0a]" name="amazon" class="testng.TNG_003"/>
      </group> <!-- regression -->
      <group name="sanity">
        <method signature="TNG_003.amazon()[pri:0, instance:testng.TNG_003@39ac0c0a]" name="amazon" class="testng.TNG_003"/>
      </group> <!-- sanity -->
    </groups>
    <test started-at="2023-06-14T14:06:55Z" name="Test" finished-at="2023-06-14T14:07:34Z" duration-ms="38761">
      <class name="testng.TNG_003">
        <test-method is-config="true" signature="startProcess(java.lang.String)[pri:0, instance:testng.TNG_003@39ac0c0a]" started-at="2023-06-14T14:06:55Z" name="startProcess" finished-at="2023-06-14T14:07:13Z" duration-ms="17038" status="PASS">
          <params>
            <param index="0">
              <value>
                <![CDATA[chrome]]>
              </value>
            </param>
          </params>
          <reporter-output>
          </reporter-output>
        </test-method> <!-- startProcess -->
        <test-method signature="amazon()[pri:0, instance:testng.TNG_003@39ac0c0a]" started-at="2023-06-14T14:07:13Z" name="amazon" finished-at="2023-06-14T14:07:30Z" duration-ms="17511" status="PASS">
          <reporter-output>
          </reporter-output>
        </test-method> <!-- amazon -->
        <test-method is-config="true" signature="endProcess()[pri:0, instance:testng.TNG_003@39ac0c0a]" started-at="2023-06-14T14:07:30Z" name="endProcess" finished-at="2023-06-14T14:07:34Z" duration-ms="4145" status="PASS">
          <reporter-output>
          </reporter-output>
        </test-method> <!-- endProcess -->
      </class> <!-- testng.TNG_003 -->
    </test> <!-- Test -->
  </suite> <!-- Suite -->
</testng-results>
